*********************************
INPUT FILENAME IS kk.xml
OUTPUT FILENAME IS it2.docx
Started Writing to Word Document it2.docx
Writing Paragraph Number 0
NO STYLE DETECTED ... BFA Normal Used 
Writing Paragraph Number 1
INVALID STYLE DETECTED ... BFA Normal Used 
Writing Paragraph Number 2
NO STYLE DETECTED ... BFA Normal Used 
Writing Paragraph Number 3
NO STYLE DETECTED ... BFA Normal Used 
Writing Paragraph Number 4
Writing Paragraph Number 5
Writing Paragraph Number 6
Writing Paragraph Number 7
Writing Paragraph Number 8
Writing Paragraph Number 9
Writing Paragraph Number 10
Writing Paragraph Number 11
Writing Paragraph Number 12
Writing Paragraph Number 13
Writing Paragraph Number 14
Writing Paragraph Number 15
Writing Paragraph Number 16
Writing Paragraph Number 17
Writing Paragraph Number 18
Writing Paragraph Number 19
Writing Paragraph Number 20
Writing Paragraph Number 21
Writing Paragraph Number 22
Writing Paragraph Number 23
Writing Paragraph Number 24
Writing Paragraph Number 25
Writing Paragraph Number 26
Writing Paragraph Number 27
Writing Paragraph Number 28
Writing Paragraph Number 29
Writing Paragraph Number 30
Writing Paragraph Number 31
Writing Paragraph Number 32
Writing Paragraph Number 33
Writing Paragraph Number 34
Writing Paragraph Number 35
Writing Paragraph Number 36
Writing Paragraph Number 37
Writing Paragraph Number 38
Writing Paragraph Number 39
Writing Paragraph Number 40
END OF RUN
********************************
EXECUTION DURATION IS  0.44539483070373537
